<?xml version="1.0" encoding="UTF-8" ?>
<testsuite tests="6" failures="0" name="hu.me.java.AppTest" time="0.018" errors="0" skipped="0">
  <properties>
[...]
</properties>
  <testcase classname="hu.me.java.AppTest" name="hu.me.java.AppTest.testConversionTwoDayOneJob" time="0.018"/>
  <testcase classname="hu.me.java.AppTest" name="hu.me.java.AppTest.testConversionTwoDayTwoJob" time="0"/>
  <testcase classname="hu.me.java.AppTest" name="hu.me.java.AppTest.testConvertThreeDayOneJob" time="0"/>
  <testcase classname="hu.me.java.AppTest" name="hu.me.java.AppTest.testConvertNonJobDayIgnore" time="0"/>
  <testcase classname="hu.me.java.AppTest" name="hu.me.java.AppTest.testConversionOneDayOneJob" time="0"/>
  <testcase classname="hu.me.java.AppTest" name="hu.me.java.AppTest.testConvertIgnoreUnoccupied" time="0"/>
</testsuite>